PHP Warning:  PHP Startup: Unable to load dynamic library 'php_gd2.dll' (tried: /usr/local/lib/php/extensions/no-debug-non-zts-20180731/php_gd2.dll (/usr/local/lib/php/extensions/no-debug-non-zts-20180731/php_gd2.dll: cannot open shared object file: No such file or directory), /usr/local/lib/php/extensions/no-debug-non-zts-20180731/php_gd2.dll.so (/usr/local/lib/php/extensions/no-debug-non-zts-20180731/php_gd2.dll.so: cannot open shared object file: No such file or directory)) in Unknown on line 0
[Wed Feb 19 22:42:19.394998 2020] [mpm_prefork:notice] [pid 1] AH00163: Apache/2.4.38 (Debian) PHP/7.3.14 configured -- resuming normal operations
[Wed Feb 19 22:42:19.395402 2020] [core:notice] [pid 1] AH00094: Command line: 'apache2 -D FOREGROUND'
[Wed Feb 19 22:55:31.689257 2020] [mpm_prefork:notice] [pid 1] AH00170: caught SIGWINCH, shutting down gracefully
PHP Warning:  PHP Startup: Unable to load dynamic library 'php_gd2.dll' (tried: /usr/local/lib/php/extensions/no-debug-non-zts-20180731/php_gd2.dll (/usr/local/lib/php/extensions/no-debug-non-zts-20180731/php_gd2.dll: cannot open shared object file: No such file or directory), /usr/local/lib/php/extensions/no-debug-non-zts-20180731/php_gd2.dll.so (/usr/local/lib/php/extensions/no-debug-non-zts-20180731/php_gd2.dll.so: cannot open shared object file: No such file or directory)) in Unknown on line 0
[Wed Feb 19 23:21:54.020522 2020] [mpm_prefork:notice] [pid 1] AH00163: Apache/2.4.38 (Debian) PHP/7.3.14 configured -- resuming normal operations
[Wed Feb 19 23:21:54.021475 2020] [core:notice] [pid 1] AH00094: Command line: 'apache2 -D FOREGROUND'
[Thu Feb 20 01:41:57.420028 2020] [mpm_prefork:notice] [pid 1] AH00170: caught SIGWINCH, shutting down gracefully
PHP Warning:  PHP Startup: Unable to load dynamic library 'php_gd2.dll' (tried: /usr/local/lib/php/extensions/no-debug-non-zts-20180731/php_gd2.dll (/usr/local/lib/php/extensions/no-debug-non-zts-20180731/php_gd2.dll: cannot open shared object file: No such file or directory), /usr/local/lib/php/extensions/no-debug-non-zts-20180731/php_gd2.dll.so (/usr/local/lib/php/extensions/no-debug-non-zts-20180731/php_gd2.dll.so: cannot open shared object file: No such file or directory)) in Unknown on line 0
[Wed Apr 08 21:33:39.529948 2020] [mpm_prefork:notice] [pid 1] AH00163: Apache/2.4.38 (Debian) PHP/7.3.14 configured -- resuming normal operations
[Wed Apr 08 21:33:39.530506 2020] [core:notice] [pid 1] AH00094: Command line: 'apache2 -D FOREGROUND'
[Thu Apr 09 05:31:36.667711 2020] [mpm_prefork:notice] [pid 1] AH00170: caught SIGWINCH, shutting down gracefully
PHP Warning:  PHP Startup: Unable to load dynamic library 'php_gd2.dll' (tried: /usr/local/lib/php/extensions/no-debug-non-zts-20180731/php_gd2.dll (/usr/local/lib/php/extensions/no-debug-non-zts-20180731/php_gd2.dll: cannot open shared object file: No such file or directory), /usr/local/lib/php/extensions/no-debug-non-zts-20180731/php_gd2.dll.so (/usr/local/lib/php/extensions/no-debug-non-zts-20180731/php_gd2.dll.so: cannot open shared object file: No such file or directory)) in Unknown on line 0
[Thu Apr 09 20:48:47.825669 2020] [mpm_prefork:notice] [pid 1] AH00163: Apache/2.4.38 (Debian) PHP/7.3.14 configured -- resuming normal operations
[Thu Apr 09 20:48:47.852393 2020] [core:notice] [pid 1] AH00094: Command line: 'apache2 -D FOREGROUND'
[Thu Apr 09 23:01:07.222697 2020] [mpm_prefork:notice] [pid 1] AH00170: caught SIGWINCH, shutting down gracefully
PHP Warning:  PHP Startup: Unable to load dynamic library 'php_gd2.dll' (tried: /usr/local/lib/php/extensions/no-debug-non-zts-20180731/php_gd2.dll (/usr/local/lib/php/extensions/no-debug-non-zts-20180731/php_gd2.dll: cannot open shared object file: No such file or directory), /usr/local/lib/php/extensions/no-debug-non-zts-20180731/php_gd2.dll.so (/usr/local/lib/php/extensions/no-debug-non-zts-20180731/php_gd2.dll.so: cannot open shared object file: No such file or directory)) in Unknown on line 0
[Sun Apr 12 21:54:57.645040 2020] [mpm_prefork:notice] [pid 1] AH00163: Apache/2.4.38 (Debian) PHP/7.3.14 configured -- resuming normal operations
[Sun Apr 12 21:54:57.729705 2020] [core:notice] [pid 1] AH00094: Command line: 'apache2 -D FOREGROUND'
[Sun Apr 12 22:03:40.689048 2020] [mpm_prefork:notice] [pid 1] AH00170: caught SIGWINCH, shutting down gracefully
PHP Warning:  PHP Startup: Unable to load dynamic library 'php_gd2.dll' (tried: /usr/local/lib/php/extensions/no-debug-non-zts-20180731/php_gd2.dll (/usr/local/lib/php/extensions/no-debug-non-zts-20180731/php_gd2.dll: cannot open shared object file: No such file or directory), /usr/local/lib/php/extensions/no-debug-non-zts-20180731/php_gd2.dll.so (/usr/local/lib/php/extensions/no-debug-non-zts-20180731/php_gd2.dll.so: cannot open shared object file: No such file or directory)) in Unknown on line 0
[Sun Apr 12 22:03:47.789105 2020] [mpm_prefork:notice] [pid 1] AH00163: Apache/2.4.38 (Debian) PHP/7.3.14 configured -- resuming normal operations
[Sun Apr 12 22:03:47.790218 2020] [core:notice] [pid 1] AH00094: Command line: 'apache2 -D FOREGROUND'
PHP Warning:  PHP Startup: Unable to load dynamic library 'php_gd2.dll' (tried: /usr/local/lib/php/extensions/no-debug-non-zts-20180731/php_gd2.dll (/usr/local/lib/php/extensions/no-debug-non-zts-20180731/php_gd2.dll: cannot open shared object file: No such file or directory), /usr/local/lib/php/extensions/no-debug-non-zts-20180731/php_gd2.dll.so (/usr/local/lib/php/extensions/no-debug-non-zts-20180731/php_gd2.dll.so: cannot open shared object file: No such file or directory)) in Unknown on line 0
[Mon Apr 13 06:19:42.677475 2020] [mpm_prefork:notice] [pid 1] AH00163: Apache/2.4.38 (Debian) PHP/7.3.14 configured -- resuming normal operations
[Mon Apr 13 06:19:42.696319 2020] [core:notice] [pid 1] AH00094: Command line: 'apache2 -D FOREGROUND'
[Mon Apr 13 06:43:06.405311 2020] [mpm_prefork:notice] [pid 1] AH00170: caught SIGWINCH, shutting down gracefully
PHP Warning:  PHP Startup: Unable to load dynamic library 'php_gd2.dll' (tried: /usr/local/lib/php/extensions/no-debug-non-zts-20180731/php_gd2.dll (/usr/local/lib/php/extensions/no-debug-non-zts-20180731/php_gd2.dll: cannot open shared object file: No such file or directory), /usr/local/lib/php/extensions/no-debug-non-zts-20180731/php_gd2.dll.so (/usr/local/lib/php/extensions/no-debug-non-zts-20180731/php_gd2.dll.so: cannot open shared object file: No such file or directory)) in Unknown on line 0
[Tue Apr 14 00:55:19.924635 2020] [mpm_prefork:notice] [pid 1] AH00163: Apache/2.4.38 (Debian) PHP/7.3.14 configured -- resuming normal operations
[Tue Apr 14 00:55:19.953731 2020] [core:notice] [pid 1] AH00094: Command line: 'apache2 -D FOREGROUND'
[Tue Apr 14 05:53:58.016616 2020] [mpm_prefork:notice] [pid 1] AH00170: caught SIGWINCH, shutting down gracefully
PHP Warning:  PHP Startup: Unable to load dynamic library 'php_gd2.dll' (tried: /usr/local/lib/php/extensions/no-debug-non-zts-20180731/php_gd2.dll (/usr/local/lib/php/extensions/no-debug-non-zts-20180731/php_gd2.dll: cannot open shared object file: No such file or directory), /usr/local/lib/php/extensions/no-debug-non-zts-20180731/php_gd2.dll.so (/usr/local/lib/php/extensions/no-debug-non-zts-20180731/php_gd2.dll.so: cannot open shared object file: No such file or directory)) in Unknown on line 0
[Sat Apr 18 22:34:08.471591 2020] [mpm_prefork:notice] [pid 1] AH00163: Apache/2.4.38 (Debian) PHP/7.3.14 configured -- resuming normal operations
[Sat Apr 18 22:34:08.473001 2020] [core:notice] [pid 1] AH00094: Command line: 'apache2 -D FOREGROUND'
[Sun Apr 19 01:21:11.910754 2020] [mpm_prefork:notice] [pid 1] AH00170: caught SIGWINCH, shutting down gracefully
PHP Warning:  PHP Startup: Unable to load dynamic library 'php_gd2.dll' (tried: /usr/local/lib/php/extensions/no-debug-non-zts-20180731/php_gd2.dll (/usr/local/lib/php/extensions/no-debug-non-zts-20180731/php_gd2.dll: cannot open shared object file: No such file or directory), /usr/local/lib/php/extensions/no-debug-non-zts-20180731/php_gd2.dll.so (/usr/local/lib/php/extensions/no-debug-non-zts-20180731/php_gd2.dll.so: cannot open shared object file: No such file or directory)) in Unknown on line 0
[Fri May 08 09:55:16.507476 2020] [mpm_prefork:notice] [pid 1] AH00163: Apache/2.4.38 (Debian) PHP/7.3.14 configured -- resuming normal operations
[Fri May 08 09:55:16.509145 2020] [core:notice] [pid 1] AH00094: Command line: 'apache2 -D FOREGROUND'
[Fri May 08 10:24:04.691071 2020] [mpm_prefork:notice] [pid 1] AH00170: caught SIGWINCH, shutting down gracefully
PHP Warning:  PHP Startup: Unable to load dynamic library 'php_gd2.dll' (tried: /usr/local/lib/php/extensions/no-debug-non-zts-20180731/php_gd2.dll (/usr/local/lib/php/extensions/no-debug-non-zts-20180731/php_gd2.dll: cannot open shared object file: No such file or directory), /usr/local/lib/php/extensions/no-debug-non-zts-20180731/php_gd2.dll.so (/usr/local/lib/php/extensions/no-debug-non-zts-20180731/php_gd2.dll.so: cannot open shared object file: No such file or directory)) in Unknown on line 0
[Sat Jul 04 02:08:06.554853 2020] [mpm_prefork:notice] [pid 1] AH00163: Apache/2.4.38 (Debian) PHP/7.3.14 configured -- resuming normal operations
[Sat Jul 04 02:08:06.555244 2020] [core:notice] [pid 1] AH00094: Command line: 'apache2 -D FOREGROUND'
[Sat Jul 04 02:18:38.854217 2020] [mpm_prefork:notice] [pid 1] AH00170: caught SIGWINCH, shutting down gracefully
PHP Warning:  PHP Startup: Unable to load dynamic library 'php_gd2.dll' (tried: /usr/local/lib/php/extensions/no-debug-non-zts-20180731/php_gd2.dll (/usr/local/lib/php/extensions/no-debug-non-zts-20180731/php_gd2.dll: cannot open shared object file: No such file or directory), /usr/local/lib/php/extensions/no-debug-non-zts-20180731/php_gd2.dll.so (/usr/local/lib/php/extensions/no-debug-non-zts-20180731/php_gd2.dll.so: cannot open shared object file: No such file or directory)) in Unknown on line 0
[Tue Jun 08 19:36:34.666036 2021] [mpm_prefork:notice] [pid 1] AH00163: Apache/2.4.38 (Debian) PHP/7.3.24 configured -- resuming normal operations
[Tue Jun 08 19:36:34.666311 2021] [core:notice] [pid 1] AH00094: Command line: 'apache2 -D FOREGROUND'
[Tue Jun 08 19:39:03.606914 2021] [mpm_prefork:notice] [pid 1] AH00170: caught SIGWINCH, shutting down gracefully
PHP Warning:  PHP Startup: Unable to load dynamic library 'php_gd2.dll' (tried: /usr/local/lib/php/extensions/no-debug-non-zts-20180731/php_gd2.dll (/usr/local/lib/php/extensions/no-debug-non-zts-20180731/php_gd2.dll: cannot open shared object file: No such file or directory), /usr/local/lib/php/extensions/no-debug-non-zts-20180731/php_gd2.dll.so (/usr/local/lib/php/extensions/no-debug-non-zts-20180731/php_gd2.dll.so: cannot open shared object file: No such file or directory)) in Unknown on line 0
[Tue Jun 08 19:43:40.686497 2021] [mpm_prefork:notice] [pid 1] AH00163: Apache/2.4.38 (Debian) PHP/7.3.24 configured -- resuming normal operations
[Tue Jun 08 19:43:40.686833 2021] [core:notice] [pid 1] AH00094: Command line: 'apache2 -D FOREGROUND'
[Tue Jun 08 19:45:01.907669 2021] [mpm_prefork:notice] [pid 1] AH00170: caught SIGWINCH, shutting down gracefully
PHP Warning:  PHP Startup: Unable to load dynamic library 'php_gd2.dll' (tried: /usr/local/lib/php/extensions/no-debug-non-zts-20180731/php_gd2.dll (/usr/local/lib/php/extensions/no-debug-non-zts-20180731/php_gd2.dll: cannot open shared object file: No such file or directory), /usr/local/lib/php/extensions/no-debug-non-zts-20180731/php_gd2.dll.so (/usr/local/lib/php/extensions/no-debug-non-zts-20180731/php_gd2.dll.so: cannot open shared object file: No such file or directory)) in Unknown on line 0
[Tue Jun 08 19:45:09.623911 2021] [mpm_prefork:notice] [pid 1] AH00163: Apache/2.4.38 (Debian) PHP/7.3.24 configured -- resuming normal operations
[Tue Jun 08 19:45:09.624241 2021] [core:notice] [pid 1] AH00094: Command line: 'apache2 -D FOREGROUND'
